2017-09-03 22:26:08,194 INFO  [Log] ------------------------------------------------------------------------------------------- 
2017-09-03 22:26:08,195 INFO  [Log] ***********************AddAddress用例测试开始*********************** 
2017-09-03 22:26:08,199 INFO  [Log] =========================表格测试数据读取开始========================= 
2017-09-03 22:26:08,200 INFO  [Log] 测试数据表格：C:\Users\Administrator\eclipse-workspace\ui_automation\uiauto\ExcelForData\UiTestData.xlsx 
2017-09-03 22:26:08,212 INFO  [Log] ***********************AddAddress用例测试结束************************* 
2017-09-03 22:26:08,212 INFO  [Log] ------------------------------------------------------------------------------------------- 
2017-09-03 22:27:45,347 INFO  [Log] ------------------------------------------------------------------------------------------- 
2017-09-03 22:27:45,347 INFO  [Log] ***********************AddAddress用例测试开始*********************** 
2017-09-03 22:27:45,352 INFO  [Log] =========================表格测试数据读取开始========================= 
2017-09-03 22:27:45,352 INFO  [Log] 测试数据表格：C:\Users\Administrator\eclipse-workspace\ui_automation\uiauto\ExcelForData\UiTestData.xlsx 
2017-09-03 22:27:45,737 INFO  [Log] contact：大爷男 
2017-09-03 22:27:45,737 INFO  [Log] gender：man 
2017-09-03 22:27:45,737 INFO  [Log] phone：13714672776 
2017-09-03 22:27:45,737 INFO  [Log] building：自动化测试楼栋C栋(勿删) 
2017-09-03 22:27:45,738 INFO  [Log] room：111111A 
2017-09-03 22:27:45,738 INFO  [Log] ExpectValue：大爷男先生 
2017-09-03 22:27:45,738 INFO  [Log] --------------------第1组测试数据-------------------- 
2017-09-03 22:27:45,739 INFO  [Log] =========================表格测试数据读取结束========================= 
2017-09-03 22:28:06,122 INFO  [Log] addAddress用例开始 
2017-09-03 22:28:14,319 INFO  [Log] 选择楼栋单元：自动化测试楼栋C栋(勿删) 
2017-09-03 22:28:18,018 INFO  [Log] ------------------------------------------------------------------------------------------- 
2017-09-03 22:28:18,018 INFO  [Log] ***********************正在填写收货地址信息*********************** 
2017-09-03 22:28:23,221 INFO  [Log] 输入收货人姓名：大爷男 
2017-09-03 22:28:26,895 INFO  [Log] 选择收货人性别：man 
2017-09-03 22:28:32,046 INFO  [Log] 输入收货人联系电话：13714672776 
2017-09-03 22:28:37,689 INFO  [Log] 输入收货人门牌号：111111A 
2017-09-03 22:28:38,839 INFO  [Log] ***********************填写收货地址信息结束************************* 
2017-09-03 22:28:38,839 INFO  [Log] ------------------------------------------------------------------------------------------- 
2017-09-03 22:28:38,839 INFO  [Log] addAddress用例结束 
2017-09-03 22:28:40,323 INFO  [Log] ***********************AddAddress用例测试结束************************* 
2017-09-03 22:28:40,324 INFO  [Log] ------------------------------------------------------------------------------------------- 
2017-09-03 22:41:49,725 INFO  [Log] ------------------------------------------------------------------------------------------- 
2017-09-03 22:41:49,726 INFO  [Log] ***********************AddAddress用例测试开始*********************** 
2017-09-03 22:41:49,730 INFO  [Log] =========================表格测试数据读取开始========================= 
2017-09-03 22:41:49,731 INFO  [Log] 测试数据表格：C:\Users\Administrator\eclipse-workspace\ui_automation\uiauto\ExcelForData\UiTestData.xlsx 
2017-09-03 22:41:50,136 INFO  [Log] contact：大爷男 
2017-09-03 22:41:50,136 INFO  [Log] gender：man 
2017-09-03 22:41:50,136 INFO  [Log] phone：13714672776 
2017-09-03 22:41:50,136 INFO  [Log] building：自动化测试楼栋C栋(勿删) 
2017-09-03 22:41:50,137 INFO  [Log] room：111111A 
2017-09-03 22:41:50,137 INFO  [Log] ExpectValue：大爷男先生 
2017-09-03 22:41:50,137 INFO  [Log] --------------------第1组测试数据-------------------- 
2017-09-03 22:41:50,138 INFO  [Log] =========================表格测试数据读取结束========================= 
2017-09-03 22:42:10,527 INFO  [Log] addAddress用例开始 
2017-09-03 22:42:19,050 INFO  [Log] 选择楼栋单元：自动化测试楼栋C栋(勿删) 
2017-09-03 22:42:22,800 INFO  [Log] ------------------------------------------------------------------------------------------- 
2017-09-03 22:42:22,800 INFO  [Log] ***********************正在填写收货地址信息*********************** 
2017-09-03 22:42:27,966 INFO  [Log] 输入收货人姓名：大爷男 
2017-09-03 22:42:31,676 INFO  [Log] 选择收货人性别：man 
2017-09-03 22:42:36,994 INFO  [Log] 输入收货人联系电话：13714672776 
2017-09-03 22:42:42,654 INFO  [Log] 输入收货人门牌号：111111A 
2017-09-03 22:42:43,737 INFO  [Log] ***********************填写收货地址信息结束************************* 
2017-09-03 22:42:43,737 INFO  [Log] ------------------------------------------------------------------------------------------- 
2017-09-03 22:42:43,737 INFO  [Log] addAddress用例结束 
2017-09-03 22:42:45,246 INFO  [Log] ***********************AddAddress用例测试结束************************* 
2017-09-03 22:42:45,246 INFO  [Log] ------------------------------------------------------------------------------------------- 
2017-09-03 22:46:28,648 INFO  [Log] ------------------------------------------------------------------------------------------- 
2017-09-03 22:46:28,649 INFO  [Log] ***********************AddAddress用例测试开始*********************** 
2017-09-03 22:46:28,653 INFO  [Log] =========================表格测试数据读取开始========================= 
2017-09-03 22:46:28,654 INFO  [Log] 测试数据表格：C:\Users\Administrator\eclipse-workspace\ui_automation\uiauto\ExcelForData\UiTestData.xlsx 
2017-09-03 22:46:29,105 INFO  [Log] contact：大爷男 
2017-09-03 22:46:29,105 INFO  [Log] gender：man 
2017-09-03 22:46:29,105 INFO  [Log] phone：1371467277 
2017-09-03 22:46:29,105 INFO  [Log] building：自动化测试楼栋C栋(勿删) 
2017-09-03 22:46:29,105 INFO  [Log] room：111111A 
2017-09-03 22:46:29,106 INFO  [Log] ExpectValue：大爷男先生 
2017-09-03 22:46:29,106 INFO  [Log] --------------------第1组测试数据-------------------- 
2017-09-03 22:46:29,107 INFO  [Log] =========================表格测试数据读取结束========================= 
2017-09-03 22:47:06,985 INFO  [Log] addAddress用例开始 
2017-09-03 22:47:16,225 INFO  [Log] 选择楼栋单元：自动化测试楼栋C栋(勿删) 
2017-09-03 22:47:19,914 INFO  [Log] ------------------------------------------------------------------------------------------- 
2017-09-03 22:47:19,914 INFO  [Log] ***********************正在填写收货地址信息*********************** 
2017-09-03 22:47:25,319 INFO  [Log] 输入收货人姓名：大爷男 
2017-09-03 22:47:29,157 INFO  [Log] 选择收货人性别：man 
2017-09-03 22:47:34,613 INFO  [Log] 输入收货人联系电话：1371467277 
2017-09-03 22:47:40,401 INFO  [Log] 输入收货人门牌号：111111A 
2017-09-03 22:47:44,162 INFO  [Log] ***********************填写收货地址信息结束************************* 
2017-09-03 22:47:44,162 INFO  [Log] ------------------------------------------------------------------------------------------- 
2017-09-03 22:47:44,162 INFO  [Log] addAddress用例结束 
2017-09-03 22:47:46,134 INFO  [Log] ***********************AddAddress用例测试结束************************* 
2017-09-03 22:47:46,134 INFO  [Log] ------------------------------------------------------------------------------------------- 
2017-09-03 23:02:57,233 INFO  [Log] ------------------------------------------------------------------------------------------- 
2017-09-03 23:02:57,234 INFO  [Log] ***********************AddAddress用例测试开始*********************** 
2017-09-03 23:02:57,239 INFO  [Log] =========================表格测试数据读取开始========================= 
2017-09-03 23:02:57,239 INFO  [Log] 测试数据表格：C:\Users\Administrator\eclipse-workspace\ui_automation\uiauto\ExcelForData\UiTestData.xlsx 
2017-09-03 23:02:57,632 INFO  [Log] contact：大爷男 
2017-09-03 23:02:57,633 INFO  [Log] gender：man 
2017-09-03 23:02:57,633 INFO  [Log] phone：1371467277 
2017-09-03 23:02:57,633 INFO  [Log] building：自动化测试楼栋C栋(勿删) 
2017-09-03 23:02:57,633 INFO  [Log] room：111111A 
2017-09-03 23:02:57,633 INFO  [Log] ExpectValue：大爷男先生 
2017-09-03 23:02:57,633 INFO  [Log] --------------------第1组测试数据-------------------- 
2017-09-03 23:02:57,633 INFO  [Log] contact：大爷女 
2017-09-03 23:02:57,633 INFO  [Log] gender：woman 
2017-09-03 23:02:57,634 INFO  [Log] phone：1371467276 
2017-09-03 23:02:57,634 INFO  [Log] building：自动化测试楼栋C栋(勿删) 
2017-09-03 23:02:57,634 INFO  [Log] room：111111A 
2017-09-03 23:02:57,634 INFO  [Log] ExpectValue：大爷女女士 
2017-09-03 23:02:57,634 INFO  [Log] --------------------第2组测试数据-------------------- 
2017-09-03 23:02:57,635 INFO  [Log] =========================表格测试数据读取结束========================= 
2017-09-03 23:03:18,304 INFO  [Log] addAddress用例开始 
2017-09-03 23:03:25,974 INFO  [Log] 选择楼栋单元：自动化测试楼栋C栋(勿删) 
2017-09-03 23:03:29,909 INFO  [Log] ------------------------------------------------------------------------------------------- 
2017-09-03 23:03:29,909 INFO  [Log] ***********************正在填写收货地址信息*********************** 
2017-09-03 23:03:35,438 INFO  [Log] 输入收货人姓名：大爷男 
2017-09-03 23:03:39,152 INFO  [Log] 选择收货人性别：man 
2017-09-03 23:03:44,492 INFO  [Log] 输入收货人联系电话：1371467277 
2017-09-03 23:03:50,136 INFO  [Log] 输入收货人门牌号：111111A 
2017-09-03 23:03:53,821 INFO  [Log] ***********************填写收货地址信息结束************************* 
2017-09-03 23:03:53,821 INFO  [Log] ------------------------------------------------------------------------------------------- 
2017-09-03 23:03:53,821 INFO  [Log] addAddress用例结束 
2017-09-03 23:04:20,828 INFO  [Log] addAddress用例开始 
2017-09-03 23:04:29,181 INFO  [Log] 选择楼栋单元：自动化测试楼栋C栋(勿删) 
2017-09-03 23:04:32,879 INFO  [Log] ------------------------------------------------------------------------------------------- 
2017-09-03 23:04:32,879 INFO  [Log] ***********************正在填写收货地址信息*********************** 
2017-09-03 23:04:38,131 INFO  [Log] 输入收货人姓名：大爷女 
2017-09-03 23:04:38,899 INFO  [Log] 选择收货人性别：woman 
2017-09-03 23:04:44,567 INFO  [Log] 输入收货人联系电话：1371467276 
2017-09-03 23:04:50,380 INFO  [Log] 输入收货人门牌号：111111A 
2017-09-03 23:04:54,094 INFO  [Log] ***********************填写收货地址信息结束************************* 
2017-09-03 23:04:54,094 INFO  [Log] ------------------------------------------------------------------------------------------- 
2017-09-03 23:04:54,095 INFO  [Log] addAddress用例结束 
2017-09-03 23:04:56,081 INFO  [Log] ***********************AddAddress用例测试结束************************* 
2017-09-03 23:04:56,081 INFO  [Log] ------------------------------------------------------------------------------------------- 
